2015-09-03
	1. init.properties 中的 hibernate.search.indexs 配置移动到 mtons.properties
	2. 升级发送邮件的代码，添加配置自检查
	3. 升级系统配置功能，添加第三方登录地址管理和备案号管理

2015-08-31
关于2.0 升级
	1. 去除了 mto_user_extend 表，将 extend 里面的数据和 mto_user 合并
	2. mto_user 表添加了 active_email、posts、comments、follows、fans、favors 等字段，请设置这些字段的默认值
	3. 添加第三方登录，注意修改自己的openId (login.vm、mblog-web/resource/config.pro..  qqconnectconfig.pro...)
		/themes/default/inc/metas.vm 里需要添加第三方的 meta 数据

	4. 添加邮箱验证（ 在 mtons.properties 里添加发件账号）

	5. 添加用户关注，可收到关注的人最新的动态
	6. 部分页面调整（用户主页、修改个人资料等）
	7. umeditor改为ueditor, 对mblog进行了一些定制
	8. 对个人主页的访问加入了缓存，提高页面访问速度
	9. 添加通知体系（喜欢文章、评论、回复评论、关注都会收到对应的通知）
	10. home页版式调整，修复了在手机访问时的一些小瑕疵

2015-07-17
关于1.2 升级到最新版本

	1. mto_posts 添加 group_ 字段
		升级sql: update mto_posts set group_ = 1 where type = 'text'
				 update mto_posts set group_ = 2 where type = 'image'
				 update mto_posts set group_ = 3 where type = 'video'
				 
	2. mto_posts summary 改为普通string, 缩小表空间
	
	3. mto_posts 删除 updated
	4. mto_posts snapshoot_id 改为 last_image_id 
	
		升级sql: UPDATE mto_posts SET last_image_id = 0 WHERE last_image_id IS NULL

	5. mto_config 表 key 字段改名为 key_
